GowinSynthesis start
Running parser ...
Analyzing Verilog file '/opt/gowin-eda-edu-ide/ipcore/INT_MULT/data/integer_multiplier.v'
Analyzing included file 'define.vh'("/opt/gowin-eda-edu-ide/ipcore/INT_MULT/data/integer_multiplier.v":633)
Back to file '/opt/gowin-eda-edu-ide/ipcore/INT_MULT/data/integer_multiplier.v'("/opt/gowin-eda-edu-ide/ipcore/INT_MULT/data/integer_multiplier.v":633)
Analyzing included file '/opt/gowin-eda-edu-ide/ipcore/INT_MULT/data/static_macro_define.v'("/opt/gowin-eda-edu-ide/ipcore/INT_MULT/data/integer_multiplier.v":633)
Back to file '/opt/gowin-eda-edu-ide/ipcore/INT_MULT/data/integer_multiplier.v'("/opt/gowin-eda-edu-ide/ipcore/INT_MULT/data/integer_multiplier.v":633)
Analyzing Verilog file '/opt/gowin-eda-edu-ide/ipcore/INT_MULT/data/integer_multiplier_wrap.v'
Analyzing included file 'define.vh'("/opt/gowin-eda-edu-ide/ipcore/INT_MULT/data/integer_multiplier_wrap.v":1)
Back to file '/opt/gowin-eda-edu-ide/ipcore/INT_MULT/data/integer_multiplier_wrap.v'("/opt/gowin-eda-edu-ide/ipcore/INT_MULT/data/integer_multiplier_wrap.v":1)
Analyzing included file '/opt/gowin-eda-edu-ide/ipcore/INT_MULT/data/static_macro_define.v'("/opt/gowin-eda-edu-ide/ipcore/INT_MULT/data/integer_multiplier_wrap.v":2)
Back to file '/opt/gowin-eda-edu-ide/ipcore/INT_MULT/data/integer_multiplier_wrap.v'("/opt/gowin-eda-edu-ide/ipcore/INT_MULT/data/integer_multiplier_wrap.v":2)
Analyzing included file 'parameter.vh'("/opt/gowin-eda-edu-ide/ipcore/INT_MULT/data/integer_multiplier_wrap.v":19)
Back to file '/opt/gowin-eda-edu-ide/ipcore/INT_MULT/data/integer_multiplier_wrap.v'("/opt/gowin-eda-edu-ide/ipcore/INT_MULT/data/integer_multiplier_wrap.v":19)
Compiling module 'Integer_Multiplier_Top'("/opt/gowin-eda-edu-ide/ipcore/INT_MULT/data/integer_multiplier_wrap.v":4)
Compiling module '**'("/opt/gowin-eda-edu-ide/ipcore/INT_MULT/data/integer_multiplier.v":633)
NOTE  (EX0101) : Current top module is "Integer_Multiplier_Top"
[5%] Running netlist conversion ...
Running device independent optimization ...
[10%] Optimizing Phase 0 completed
[15%] Optimizing Phase 1 completed
[25%] Optimizing Phase 2 completed
Running inference ...
[30%] Inferring Phase 0 completed
[40%] Inferring Phase 1 completed
[50%] Inferring Phase 2 completed
[55%] Inferring Phase 3 completed
Running technical mapping ...
[60%] Tech-Mapping Phase 0 completed
[65%] Tech-Mapping Phase 1 completed
[75%] Tech-Mapping Phase 2 completed
[80%] Tech-Mapping Phase 3 completed
[90%] Tech-Mapping Phase 4 completed
[95%] Generate netlist file "/home/raffi/fpga/roadrisc-core/src/integer_multiplier/temp/integer_multiplier/integer_multiplier.vg" completed
Generate template file "/home/raffi/fpga/roadrisc-core/src/integer_multiplier/temp/integer_multiplier/integer_multiplier_tmp.v" completed
[100%] Generate report file "/home/raffi/fpga/roadrisc-core/src/integer_multiplier/temp/integer_multiplier/integer_multiplier_syn.rpt.html" completed
GowinSynthesis finish
